<?xml version="1.0" encoding="UTF-8"?>
<testsuite xmlns:xsi="http://www.w3.org/2001/XMLSchema-instance" xsi:noNamespaceSchemaLocation="https://maven.apache.org/surefire/maven-surefire-plugin/xsd/surefire-test-report.xsd" name="edu.yu.introtoalgs.IntersectRectanglesTest" time="0.143" tests="11" errors="0" skipped="0" failures="0">
  <properties>
    <property name="sun.desktop" value="windows"/>
    <property name="awt.toolkit" value="sun.awt.windows.WToolkit"/>
    <property name="java.specification.version" value="11"/>
    <property name="sun.cpu.isalist" value="amd64"/>
    <property name="sun.jnu.encoding" value="Cp1252"/>
    <property name="java.class.path" value="c:\Users\asher\Code\YUGitHub\Kirshtein_Asher_800610242\IntroToAlgorithms\assignments\intersectrectangles\target\test-classes;c:\Users\asher\Code\YUGitHub\Kirshtein_Asher_800610242\IntroToAlgorithms\assignments\intersectrectangles\target\classes;C:\Users\asher\.m2\repository\junit\junit\4.11\junit-4.11.jar;C:\Users\asher\.m2\repository\org\hamcrest\hamcrest-core\1.3\hamcrest-core-1.3.jar;"/>
    <property name="java.vm.vendor" value="Oracle Corporation"/>
    <property name="sun.arch.data.model" value="64"/>
    <property name="user.variant" value=""/>
    <property name="java.vendor.url" value="https://openjdk.java.net/"/>
    <property name="user.timezone" value="America/New_York"/>
    <property name="java.vm.specification.version" value="11"/>
    <property name="os.name" value="Windows 10"/>
    <property name="sun.java.launcher" value="SUN_STANDARD"/>
    <property name="user.country" value="US"/>
    <property name="sun.boot.library.path" value="C:\Program Files\Java\jdk-11.0.8\bin"/>
    <property name="sun.java.command" value="C:\Users\asher\AppData\Local\Temp\surefire18097196682440217834\surefirebooter9544747450200976432.jar C:\Users\asher\AppData\Local\Temp\surefire18097196682440217834 2021-09-02T15-56-03_666-jvmRun1 surefire6020540943584700265tmp surefire_09454232775613462862tmp"/>
    <property name="jdk.debug" value="release"/>
    <property name="surefire.test.class.path" value="c:\Users\asher\Code\YUGitHub\Kirshtein_Asher_800610242\IntroToAlgorithms\assignments\intersectrectangles\target\test-classes;c:\Users\asher\Code\YUGitHub\Kirshtein_Asher_800610242\IntroToAlgorithms\assignments\intersectrectangles\target\classes;C:\Users\asher\.m2\repository\junit\junit\4.11\junit-4.11.jar;C:\Users\asher\.m2\repository\org\hamcrest\hamcrest-core\1.3\hamcrest-core-1.3.jar;"/>
    <property name="sun.cpu.endian" value="little"/>
    <property name="user.home" value="C:\Users\asher"/>
    <property name="user.language" value="en"/>
    <property name="java.specification.vendor" value="Oracle Corporation"/>
    <property name="java.version.date" value="2020-07-14"/>
    <property name="java.home" value="C:\Program Files\Java\jdk-11.0.8"/>
    <property name="file.separator" value="\"/>
    <property name="basedir" value="c:\Users\asher\Code\YUGitHub\Kirshtein_Asher_800610242\IntroToAlgorithms\assignments\intersectrectangles"/>
    <property name="java.vm.compressedOopsMode" value="Zero based"/>
    <property name="line.separator" value="&#10;"/>
    <property name="java.specification.name" value="Java Platform API Specification"/>
    <property name="java.vm.specification.vendor" value="Oracle Corporation"/>
    <property name="java.awt.graphicsenv" value="sun.awt.Win32GraphicsEnvironment"/>
    <property name="surefire.real.class.path" value="C:\Users\asher\AppData\Local\Temp\surefire18097196682440217834\surefirebooter9544747450200976432.jar"/>
    <property name="user.script" value=""/>
    <property name="sun.management.compiler" value="HotSpot 64-Bit Tiered Compilers"/>
    <property name="java.runtime.version" value="11.0.8+10-LTS"/>
    <property name="user.name" value="asher"/>
    <property name="path.separator" value=";"/>
    <property name="os.version" value="10.0"/>
    <property name="java.runtime.name" value="Java(TM) SE Runtime Environment"/>
    <property name="file.encoding" value="Cp1252"/>
    <property name="java.vm.name" value="Java HotSpot(TM) 64-Bit Server VM"/>
    <property name="java.vendor.version" value="18.9"/>
    <property name="localRepository" value="C:\Users\asher\.m2\repository"/>
    <property name="java.vendor.url.bug" value="https://bugreport.java.com/bugreport/"/>
    <property name="java.io.tmpdir" value="C:\Users\asher\AppData\Local\Temp\"/>
    <property name="java.version" value="11.0.8"/>
    <property name="user.dir" value="c:\Users\asher\Code\YUGitHub\Kirshtein_Asher_800610242\IntroToAlgorithms\assignments\intersectrectangles"/>
    <property name="os.arch" value="amd64"/>
    <property name="java.vm.specification.name" value="Java Virtual Machine Specification"/>
    <property name="java.awt.printerjob" value="sun.awt.windows.WPrinterJob"/>
    <property name="sun.os.patch.level" value=""/>
    <property name="java.library.path" value="C:\Program Files\Java\jdk-11.0.8\bin;C:\WINDOWS\Sun\Java\bin;C:\WINDOWS\system32;C:\WINDOWS;C:\Program Files\Common Files\Oracle\Java\javapath;C:\Program Files (x86)\Common Files\Oracle\Java\javapath;C:\Program Files\apache-maven-3.6.3\bin;C:\Program Files (x86)\Intel\iCLS Client\;C:\Program Files\Intel\iCLS Client\;C:\Windows\system32;C:\Windows;C:\Windows\System32\Wbem;C:\Windows\System32\WindowsPowerShell\v1.0\;C:\Program Files (x86)\NVIDIA Corporation\PhysX\Common;C:\Program Files (x86)\Intel\Intel(R) Management Engine Components\DAL;C:\Program Files\Intel\Intel(R) Management Engine Components\DAL;C:\Program Files (x86)\Intel\Intel(R) Management Engine Components\IPT;C:\Program Files\Intel\Intel(R) Management Engine Components\IPT;C:\WINDOWS\system32;C:\WINDOWS;C:\WINDOWS\System32\Wbem;C:\WINDOWS\System32\WindowsPowerShell\v1.0\;C:\Program Files (x86)\OpenVPN\bin;C:\WINDOWS\System32\OpenSSH\;C:\Program Files\NVIDIA Corporation\NVIDIA NvDLISR;C:\Users\asher\OneDrive\Documents\Code;C:\Program Files\Java\jdk11.0.8_\bin;C:\WINDOWS\system32;C:\WINDOWS;C:\WINDOWS\System32\Wbem;C:\WINDOWS\System32\WindowsPowerShell\v1.0\;C:\WINDOWS\System32\OpenSSH\;C:\Program Files\Git\cmd;C:\Users\asher\AppData\Local\Microsoft\WindowsApps;C:\Program Files\Sublime Text 3;C:\Program Files\Java\jdk11.0.8_251\bin;;C:\Users\asher\AppData\Local\Programs\Microsoft VS Code\bin;."/>
    <property name="java.vendor" value="Oracle Corporation"/>
    <property name="java.vm.info" value="mixed mode"/>
    <property name="java.vm.version" value="11.0.8+10-LTS"/>
    <property name="sun.io.unicode.encoding" value="UnicodeLittle"/>
    <property name="java.class.version" value="55.0"/>
  </properties>
  <testcase name="NegativeXValuesTest" classname="edu.yu.introtoalgs.IntersectRectanglesTest" time="0.015"/>
  <testcase name="sameRectangleTest" classname="edu.yu.introtoalgs.IntersectRectanglesTest" time="0.006"/>
  <testcase name="weirdNumbersTest" classname="edu.yu.introtoalgs.IntersectRectanglesTest" time="0.007"/>
  <testcase name="nullInputTest" classname="edu.yu.introtoalgs.IntersectRectanglesTest" time="0.006"/>
  <testcase name="basicIntersectTest" classname="edu.yu.introtoalgs.IntersectRectanglesTest" time="0.006"/>
  <testcase name="basicNoIntersectTest" classname="edu.yu.introtoalgs.IntersectRectanglesTest" time="0.006"/>
  <testcase name="equalsTest" classname="edu.yu.introtoalgs.IntersectRectanglesTest" time="0.012"/>
  <testcase name="NegativeYValuesTest" classname="edu.yu.introtoalgs.IntersectRectanglesTest" time="0.007"/>
  <testcase name="hashCodeTest" classname="edu.yu.introtoalgs.IntersectRectanglesTest" time="0.015"/>
  <testcase name="basicIntersectTest2" classname="edu.yu.introtoalgs.IntersectRectanglesTest" time="0.006"/>
  <testcase name="basicIntersectTest3" classname="edu.yu.introtoalgs.IntersectRectanglesTest" time="0.006"/>
</testsuite>